[0.007s] Invoking command in '/home/youngju/automaticDrive/build/drive': CMAKE_PREFIX_PATH=/opt/ros/humble /usr/bin/cmake /home/youngju/automaticDrive/src/drive -DCMAKE_INSTALL_PREFIX=/home/youngju/automaticDrive/install/drive
[0.019s] -- Found ament_cmake: 1.3.12 (/opt/ros/humble/share/ament_cmake/cmake)
[0.101s] -- Found rclcpp: 16.0.14 (/opt/ros/humble/share/rclcpp/cmake)
[0.187s] -- Found rosidl_generator_c: 3.1.7 (/opt/ros/humble/share/rosidl_generator_c/cmake)
[0.189s] -- Found rosidl_adapter: 3.1.7 (/opt/ros/humble/share/rosidl_adapter/cmake)
[0.193s] -- Found rosidl_generator_cpp: 3.1.7 (/opt/ros/humble/share/rosidl_generator_cpp/cmake)
[0.199s] -- Using all available rosidl_typesupport_c: rosidl_typesupport_fastrtps_c;rosidl_typesupport_introspection_c
[0.207s] -- Using all available rosidl_typesupport_cpp: rosidl_typesupport_fastrtps_cpp;rosidl_typesupport_introspection_cpp
[0.227s] -- Found rmw_implementation_cmake: 6.1.2 (/opt/ros/humble/share/rmw_implementation_cmake/cmake)
[0.228s] -- Found rmw_fastrtps_cpp: 6.2.8 (/opt/ros/humble/share/rmw_fastrtps_cpp/cmake)
[2.645s] -- Using RMW implementation 'rmw_fastrtps_cpp' as default
[2.732s] -- Configuring done
[2.734s] [31mCMake Error at CMakeLists.txt:16 (add_library):
[2.734s]   Cannot find source file:
[2.734s] 
[2.734s]     src/config.hpp
[2.734s] 
[2.734s]   Tried extensions .c .C .c++ .cc .cpp .cxx .cu .mpp .m .M .mm .ixx .cppm .h
[2.734s]   .hh .h++ .hm .hpp .hxx .in .txx .f .F .for .f77 .f90 .f95 .f03 .hip .ispc
[2.735s] 
[2.735s] [0m
[2.735s] [31mCMake Error at CMakeLists.txt:16 (add_library):
[2.735s]   No SOURCES given to target: config_lib
[2.735s] 
[2.735s] [0m
[2.735s] [0mCMake Generate step failed.  Build files cannot be regenerated correctly.[0m
[2.739s] Invoked command in '/home/youngju/automaticDrive/build/drive' returned '1': CMAKE_PREFIX_PATH=/opt/ros/humble /usr/bin/cmake /home/youngju/automaticDrive/src/drive -DCMAKE_INSTALL_PREFIX=/home/youngju/automaticDrive/install/drive
