[0.021s] Invoking command in '/home/youngju/automaticDrive/build/hello_node': CMAKE_PREFIX_PATH=/opt/ros/humble /usr/bin/cmake --build /home/youngju/automaticDrive/build/hello_node -- -j12 -l12
[0.111s] [33mCMake Warning (dev) in CMakeLists.txt:
[0.111s]   No project() command is present.  The top-level CMakeLists.txt file must
[0.111s]   contain a literal, direct call to the project() command.  Add a line of
[0.111s]   code such as
[0.111s] 
[0.111s]     project(ProjectName)
[0.112s] 
[0.112s]   near the top of the file, but after cmake_minimum_required().
[0.112s] 
[0.112s]   CMake is pretending there is a "project(Project)" command on the first
[0.112s]   line.
[0.112s] This warning is for project developers.  Use -Wno-dev to suppress it.
[0.112s] [0m
[0.125s] [31mCMake Error at CMakeLists.txt:2 (ament_target_dependencies):
[0.125s]   Unknown CMake command "ament_target_dependencies".
[0.125s] 
[0.125s] [0m
[0.125s] [33mCMake Warning (dev) in CMakeLists.txt:
[0.125s]   No cmake_minimum_required command is present.  A line of code such as
[0.125s] 
[0.126s]     cmake_minimum_required(VERSION 3.22)
[0.126s] 
[0.126s]   should be added at the top of the file.  The version specified may be lower
[0.126s]   if you wish to support older CMake versions for this project.  For more
[0.126s]   information run "cmake --help-policy CMP0000".
[0.126s] This warning is for project developers.  Use -Wno-dev to suppress it.
[0.126s] [0m
[0.126s] -- Configuring incomplete, errors occurred!
[0.126s] See also "/home/youngju/automaticDrive/build/hello_node/CMakeFiles/CMakeOutput.log".
[0.129s] gmake: *** [Makefile:267: cmake_check_build_system] Error 1
[0.132s] Invoked command in '/home/youngju/automaticDrive/build/hello_node' returned '2': CMAKE_PREFIX_PATH=/opt/ros/humble /usr/bin/cmake --build /home/youngju/automaticDrive/build/hello_node -- -j12 -l12
