[0.008s] Invoking command in '/home/youngju/automaticDrive/build/hello_node': CMAKE_PREFIX_PATH=${CMAKE_PREFIX_PATH}:/opt/ros/humble /usr/bin/cmake /home/youngju/automaticDrive/src/hello_node -DCMAKE_INSTALL_PREFIX=/home/youngju/automaticDrive/install/hello_node
[0.134s] -- The C compiler identification is GNU 11.4.0
[0.396s] -- The CXX compiler identification is GNU 11.4.0
[0.551s] -- Detecting C compiler ABI info
[0.635s] -- Detecting C compiler ABI info - done
[0.639s] -- Check for working C compiler: /usr/bin/cc - skipped
[0.640s] -- Detecting C compile features
[0.640s] -- Detecting C compile features - done
[0.643s] -- Detecting CXX compiler ABI info
[0.734s] -- Detecting CXX compiler ABI info - done
[0.739s] -- Check for working CXX compiler: /usr/bin/c++ - skipped
[0.739s] -- Detecting CXX compile features
[0.739s] -- Detecting CXX compile features - done
[0.744s] -- Found ament_cmake: 1.3.12 (/opt/ros/humble/share/ament_cmake/cmake)
[0.860s] -- Found Python3: /usr/bin/python3 (found version "3.10.12") found components: Interpreter 
[0.941s] -- Found rclcpp: 16.0.14 (/opt/ros/humble/share/rclcpp/cmake)
[1.053s] -- Found rosidl_generator_c: 3.1.7 (/opt/ros/humble/share/rosidl_generator_c/cmake)
[1.058s] -- Found rosidl_adapter: 3.1.7 (/opt/ros/humble/share/rosidl_adapter/cmake)
[1.065s] -- Found rosidl_generator_cpp: 3.1.7 (/opt/ros/humble/share/rosidl_generator_cpp/cmake)
[1.079s] -- Using all available rosidl_typesupport_c: rosidl_typesupport_fastrtps_c;rosidl_typesupport_introspection_c
[1.094s] -- Using all available rosidl_typesupport_cpp: rosidl_typesupport_fastrtps_cpp;rosidl_typesupport_introspection_cpp
[1.138s] -- Found rmw_implementation_cmake: 6.1.2 (/opt/ros/humble/share/rmw_implementation_cmake/cmake)
[1.141s] -- Found rmw_fastrtps_cpp: 6.2.8 (/opt/ros/humble/share/rmw_fastrtps_cpp/cmake)
[1.829s] -- Found OpenSSL: /usr/lib/x86_64-linux-gnu/libcrypto.so (found version "3.0.2")  
[2.512s] -- Found FastRTPS: /opt/ros/humble/include  
[3.924s] -- Using RMW implementation 'rmw_fastrtps_cpp' as default
[3.934s] -- Looking for pthread.h
[4.024s] -- Looking for pthread.h - found
[4.024s] -- Performing Test CMAKE_HAVE_LIBC_PTHREAD
[4.105s] -- Performing Test CMAKE_HAVE_LIBC_PTHREAD - Success
[4.106s] -- Found Threads: TRUE  
[4.161s] -- Found ament_lint_auto: 0.12.14 (/opt/ros/humble/share/ament_lint_auto/cmake)
[4.230s] -- Added test 'cppcheck' to perform static code analysis on C / C++ code
[4.230s] -- Configured cppcheck include dirs: 
[4.230s] -- Configured cppcheck exclude dirs and/or files: 
[4.231s] -- Added test 'lint_cmake' to check CMake code style
[4.232s] -- Added test 'uncrustify' to check C / C++ code style
[4.232s] -- Configured uncrustify additional arguments: 
[4.232s] -- Added test 'xmllint' to check XML markup files
[4.234s] -- Configuring done
[4.247s] -- Generating done
[4.249s] -- Build files have been written to: /home/youngju/automaticDrive/build/hello_node
[4.256s] Invoked command in '/home/youngju/automaticDrive/build/hello_node' returned '0': CMAKE_PREFIX_PATH=${CMAKE_PREFIX_PATH}:/opt/ros/humble /usr/bin/cmake /home/youngju/automaticDrive/src/hello_node -DCMAKE_INSTALL_PREFIX=/home/youngju/automaticDrive/install/hello_node
[4.259s] Invoking command in '/home/youngju/automaticDrive/build/hello_node': CMAKE_PREFIX_PATH=${CMAKE_PREFIX_PATH}:/opt/ros/humble /usr/bin/cmake --build /home/youngju/automaticDrive/build/hello_node -- -j12 -l12
[4.295s] [ 50%] [32mBuilding CXX object CMakeFiles/hello_node.dir/src/hello_node.cpp.o[0m
[6.628s] [100%] [32m[1mLinking CXX executable hello_node[0m
[6.748s] [100%] Built target hello_node
[6.756s] Invoked command in '/home/youngju/automaticDrive/build/hello_node' returned '0': CMAKE_PREFIX_PATH=${CMAKE_PREFIX_PATH}:/opt/ros/humble /usr/bin/cmake --build /home/youngju/automaticDrive/build/hello_node -- -j12 -l12
[6.763s] Invoking command in '/home/youngju/automaticDrive/build/hello_node': CMAKE_PREFIX_PATH=${CMAKE_PREFIX_PATH}:/opt/ros/humble /usr/bin/cmake --install /home/youngju/automaticDrive/build/hello_node
[6.768s] -- Install configuration: ""
[6.768s] -- Installing: /home/youngju/automaticDrive/install/hello_node/lib/hello_node/hello_node
[6.768s] -- Set runtime path of "/home/youngju/automaticDrive/install/hello_node/lib/hello_node/hello_node" to ""
[6.768s] -- Up-to-date: /home/youngju/automaticDrive/install/hello_node/share/ament_index/resource_index/package_run_dependencies/hello_node
[6.769s] -- Installing: /home/youngju/automaticDrive/install/hello_node/share/ament_index/resource_index/parent_prefix_path/hello_node
[6.769s] -- Up-to-date: /home/youngju/automaticDrive/install/hello_node/share/hello_node/environment/ament_prefix_path.sh
[6.769s] -- Installing: /home/youngju/automaticDrive/install/hello_node/share/hello_node/environment/ament_prefix_path.dsv
[6.769s] -- Up-to-date: /home/youngju/automaticDrive/install/hello_node/share/hello_node/environment/path.sh
[6.769s] -- Installing: /home/youngju/automaticDrive/install/hello_node/share/hello_node/environment/path.dsv
[6.770s] -- Up-to-date: /home/youngju/automaticDrive/install/hello_node/share/hello_node/local_setup.bash
[6.770s] -- Up-to-date: /home/youngju/automaticDrive/install/hello_node/share/hello_node/local_setup.sh
[6.770s] -- Up-to-date: /home/youngju/automaticDrive/install/hello_node/share/hello_node/local_setup.zsh
[6.770s] -- Installing: /home/youngju/automaticDrive/install/hello_node/share/hello_node/local_setup.dsv
[6.770s] -- Installing: /home/youngju/automaticDrive/install/hello_node/share/hello_node/package.dsv
[6.770s] -- Up-to-date: /home/youngju/automaticDrive/install/hello_node/share/ament_index/resource_index/packages/hello_node
[6.770s] -- Up-to-date: /home/youngju/automaticDrive/install/hello_node/share/hello_node/cmake/hello_nodeConfig.cmake
[6.770s] -- Up-to-date: /home/youngju/automaticDrive/install/hello_node/share/hello_node/cmake/hello_nodeConfig-version.cmake
[6.770s] -- Up-to-date: /home/youngju/automaticDrive/install/hello_node/share/hello_node/package.xml
[6.772s] Invoked command in '/home/youngju/automaticDrive/build/hello_node' returned '0': CMAKE_PREFIX_PATH=${CMAKE_PREFIX_PATH}:/opt/ros/humble /usr/bin/cmake --install /home/youngju/automaticDrive/build/hello_node
