[0.015s] Invoking command in '/home/youngju/automaticDrive/build/hello_node': CMAKE_PREFIX_PATH=${CMAKE_PREFIX_PATH}:/opt/ros/humble /usr/bin/cmake --build /home/youngju/automaticDrive/build/hello_node -- -j12 -l12
[0.064s] Invoked command in '/home/youngju/automaticDrive/build/hello_node' returned '0': CMAKE_PREFIX_PATH=${CMAKE_PREFIX_PATH}:/opt/ros/humble /usr/bin/cmake --build /home/youngju/automaticDrive/build/hello_node -- -j12 -l12
[0.072s] Invoking command in '/home/youngju/automaticDrive/build/hello_node': CMAKE_PREFIX_PATH=${CMAKE_PREFIX_PATH}:/opt/ros/humble /usr/bin/cmake --install /home/youngju/automaticDrive/build/hello_node
[0.077s] -- Install configuration: ""
[0.077s] -- Up-to-date: /home/youngju/automaticDrive/install/hello_node/share/ament_index/resource_index/package_run_dependencies/hello_node
[0.077s] -- Up-to-date: /home/youngju/automaticDrive/install/hello_node/share/ament_index/resource_index/parent_prefix_path/hello_node
[0.077s] -- Up-to-date: /home/youngju/automaticDrive/install/hello_node/share/hello_node/environment/ament_prefix_path.sh
[0.077s] -- Up-to-date: /home/youngju/automaticDrive/install/hello_node/share/hello_node/environment/ament_prefix_path.dsv
[0.077s] -- Up-to-date: /home/youngju/automaticDrive/install/hello_node/share/hello_node/environment/path.sh
[0.077s] -- Up-to-date: /home/youngju/automaticDrive/install/hello_node/share/hello_node/environment/path.dsv
[0.077s] -- Up-to-date: /home/youngju/automaticDrive/install/hello_node/share/hello_node/local_setup.bash
[0.077s] -- Up-to-date: /home/youngju/automaticDrive/install/hello_node/share/hello_node/local_setup.sh
[0.077s] -- Up-to-date: /home/youngju/automaticDrive/install/hello_node/share/hello_node/local_setup.zsh
[0.077s] -- Up-to-date: /home/youngju/automaticDrive/install/hello_node/share/hello_node/local_setup.dsv
[0.078s] -- Up-to-date: /home/youngju/automaticDrive/install/hello_node/share/hello_node/package.dsv
[0.078s] -- Up-to-date: /home/youngju/automaticDrive/install/hello_node/share/ament_index/resource_index/packages/hello_node
[0.078s] -- Up-to-date: /home/youngju/automaticDrive/install/hello_node/share/hello_node/cmake/hello_nodeConfig.cmake
[0.078s] -- Up-to-date: /home/youngju/automaticDrive/install/hello_node/share/hello_node/cmake/hello_nodeConfig-version.cmake
[0.078s] -- Up-to-date: /home/youngju/automaticDrive/install/hello_node/share/hello_node/package.xml
[0.079s] Invoked command in '/home/youngju/automaticDrive/build/hello_node' returned '0': CMAKE_PREFIX_PATH=${CMAKE_PREFIX_PATH}:/opt/ros/humble /usr/bin/cmake --install /home/youngju/automaticDrive/build/hello_node
