-- Found ament_cmake: 1.3.12 (/opt/ros/humble/share/ament_cmake/cmake)
-- Found rclcpp: 16.0.14 (/opt/ros/humble/share/rclcpp/cmake)
-- Found rosidl_generator_c: 3.1.7 (/opt/ros/humble/share/rosidl_generator_c/cmake)
-- Found rosidl_adapter: 3.1.7 (/opt/ros/humble/share/rosidl_adapter/cmake)
-- Found rosidl_generator_cpp: 3.1.7 (/opt/ros/humble/share/rosidl_generator_cpp/cmake)
-- Using all available rosidl_typesupport_c: rosidl_typesupport_fastrtps_c;rosidl_typesupport_introspection_c
-- Using all available rosidl_typesupport_cpp: rosidl_typesupport_fastrtps_cpp;rosidl_typesupport_introspection_cpp
-- Found rmw_implementation_cmake: 6.1.2 (/opt/ros/humble/share/rmw_implementation_cmake/cmake)
-- Found rmw_fastrtps_cpp: 6.2.8 (/opt/ros/humble/share/rmw_fastrtps_cpp/cmake)
-- Using RMW implementation 'rmw_fastrtps_cpp' as default
-- Configuring done
-- Generating done
-- Build files have been written to: /home/youngju/automaticDrive/build/hello_node
[ 50%] [32mBuilding CXX object CMakeFiles/listener_node.dir/src/listener_node.cpp.o[0m
[ 50%] [32mBuilding CXX object CMakeFiles/talker_node.dir/src/talker_node.cpp.o[0m
[ 75%] [32m[1mLinking CXX executable talker_node[0m
[ 75%] Built target talker_node
[100%] [32m[1mLinking CXX executable listener_node[0m
[100%] Built target listener_node
-- Install configuration: ""
-- Installing: /home/youngju/automaticDrive/install/hello_node/lib/hello_node/talker_node
-- Set runtime path of "/home/youngju/automaticDrive/install/hello_node/lib/hello_node/talker_node" to ""
-- Installing: /home/youngju/automaticDrive/install/hello_node/lib/hello_node/listener_node
-- Set runtime path of "/home/youngju/automaticDrive/install/hello_node/lib/hello_node/listener_node" to ""
-- Up-to-date: /home/youngju/automaticDrive/install/hello_node/share/ament_index/resource_index/package_run_dependencies/hello_node
-- Up-to-date: /home/youngju/automaticDrive/install/hello_node/share/ament_index/resource_index/parent_prefix_path/hello_node
-- Up-to-date: /home/youngju/automaticDrive/install/hello_node/share/hello_node/environment/ament_prefix_path.sh
-- Installing: /home/youngju/automaticDrive/install/hello_node/share/hello_node/environment/ament_prefix_path.dsv
-- Up-to-date: /home/youngju/automaticDrive/install/hello_node/share/hello_node/environment/path.sh
-- Installing: /home/youngju/automaticDrive/install/hello_node/share/hello_node/environment/path.dsv
-- Up-to-date: /home/youngju/automaticDrive/install/hello_node/share/hello_node/local_setup.bash
-- Up-to-date: /home/youngju/automaticDrive/install/hello_node/share/hello_node/local_setup.sh
-- Up-to-date: /home/youngju/automaticDrive/install/hello_node/share/hello_node/local_setup.zsh
-- Installing: /home/youngju/automaticDrive/install/hello_node/share/hello_node/local_setup.dsv
-- Installing: /home/youngju/automaticDrive/install/hello_node/share/hello_node/package.dsv
-- Up-to-date: /home/youngju/automaticDrive/install/hello_node/share/ament_index/resource_index/packages/hello_node
-- Up-to-date: /home/youngju/automaticDrive/install/hello_node/share/hello_node/cmake/hello_nodeConfig.cmake
-- Up-to-date: /home/youngju/automaticDrive/install/hello_node/share/hello_node/cmake/hello_nodeConfig-version.cmake
-- Up-to-date: /home/youngju/automaticDrive/install/hello_node/share/hello_node/package.xml
