[0.007s] Invoking command in '/home/youngju/automaticDrive/build/hello_node': CMAKE_PREFIX_PATH=${CMAKE_PREFIX_PATH}:/opt/ros/humble /usr/bin/cmake --build /home/youngju/automaticDrive/build/hello_node -- -j12 -l12
[0.044s] -- Found ament_cmake: 1.3.12 (/opt/ros/humble/share/ament_cmake/cmake)
[0.159s] -- Found rclcpp: 16.0.14 (/opt/ros/humble/share/rclcpp/cmake)
[0.238s] -- Found rosidl_generator_c: 3.1.7 (/opt/ros/humble/share/rosidl_generator_c/cmake)
[0.241s] -- Found rosidl_adapter: 3.1.7 (/opt/ros/humble/share/rosidl_adapter/cmake)
[0.246s] -- Found rosidl_generator_cpp: 3.1.7 (/opt/ros/humble/share/rosidl_generator_cpp/cmake)
[0.256s] -- Using all available rosidl_typesupport_c: rosidl_typesupport_fastrtps_c;rosidl_typesupport_introspection_c
[0.266s] -- Using all available rosidl_typesupport_cpp: rosidl_typesupport_fastrtps_cpp;rosidl_typesupport_introspection_cpp
[0.317s] -- Found rmw_implementation_cmake: 6.1.2 (/opt/ros/humble/share/rmw_implementation_cmake/cmake)
[0.321s] -- Found rmw_fastrtps_cpp: 6.2.8 (/opt/ros/humble/share/rmw_fastrtps_cpp/cmake)
[2.057s] -- Using RMW implementation 'rmw_fastrtps_cpp' as default
[2.162s] -- Configuring done
[2.178s] -- Generating done
[2.181s] -- Build files have been written to: /home/youngju/automaticDrive/build/hello_node
[2.204s] [ 50%] [32mBuilding CXX object CMakeFiles/listener_node.dir/src/listener_node.cpp.o[0m
[2.204s] [ 50%] [32mBuilding CXX object CMakeFiles/talker_node.dir/src/talker_node.cpp.o[0m
[5.932s] [ 75%] [32m[1mLinking CXX executable talker_node[0m
[6.174s] [ 75%] Built target talker_node
[8.353s] [100%] [32m[1mLinking CXX executable listener_node[0m
[8.674s] [100%] Built target listener_node
[8.693s] Invoked command in '/home/youngju/automaticDrive/build/hello_node' returned '0': CMAKE_PREFIX_PATH=${CMAKE_PREFIX_PATH}:/opt/ros/humble /usr/bin/cmake --build /home/youngju/automaticDrive/build/hello_node -- -j12 -l12
[8.699s] Invoking command in '/home/youngju/automaticDrive/build/hello_node': CMAKE_PREFIX_PATH=${CMAKE_PREFIX_PATH}:/opt/ros/humble /usr/bin/cmake --install /home/youngju/automaticDrive/build/hello_node
[8.703s] -- Install configuration: ""
[8.703s] -- Installing: /home/youngju/automaticDrive/install/hello_node/lib/hello_node/talker_node
[8.704s] -- Set runtime path of "/home/youngju/automaticDrive/install/hello_node/lib/hello_node/talker_node" to ""
[8.704s] -- Installing: /home/youngju/automaticDrive/install/hello_node/lib/hello_node/listener_node
[8.706s] -- Set runtime path of "/home/youngju/automaticDrive/install/hello_node/lib/hello_node/listener_node" to ""
[8.706s] -- Up-to-date: /home/youngju/automaticDrive/install/hello_node/share/ament_index/resource_index/package_run_dependencies/hello_node
[8.706s] -- Up-to-date: /home/youngju/automaticDrive/install/hello_node/share/ament_index/resource_index/parent_prefix_path/hello_node
[8.707s] -- Up-to-date: /home/youngju/automaticDrive/install/hello_node/share/hello_node/environment/ament_prefix_path.sh
[8.707s] -- Installing: /home/youngju/automaticDrive/install/hello_node/share/hello_node/environment/ament_prefix_path.dsv
[8.707s] -- Up-to-date: /home/youngju/automaticDrive/install/hello_node/share/hello_node/environment/path.sh
[8.707s] -- Installing: /home/youngju/automaticDrive/install/hello_node/share/hello_node/environment/path.dsv
[8.707s] -- Up-to-date: /home/youngju/automaticDrive/install/hello_node/share/hello_node/local_setup.bash
[8.707s] -- Up-to-date: /home/youngju/automaticDrive/install/hello_node/share/hello_node/local_setup.sh
[8.707s] -- Up-to-date: /home/youngju/automaticDrive/install/hello_node/share/hello_node/local_setup.zsh
[8.707s] -- Installing: /home/youngju/automaticDrive/install/hello_node/share/hello_node/local_setup.dsv
[8.707s] -- Installing: /home/youngju/automaticDrive/install/hello_node/share/hello_node/package.dsv
[8.707s] -- Up-to-date: /home/youngju/automaticDrive/install/hello_node/share/ament_index/resource_index/packages/hello_node
[8.707s] -- Up-to-date: /home/youngju/automaticDrive/install/hello_node/share/hello_node/cmake/hello_nodeConfig.cmake
[8.707s] -- Up-to-date: /home/youngju/automaticDrive/install/hello_node/share/hello_node/cmake/hello_nodeConfig-version.cmake
[8.707s] -- Up-to-date: /home/youngju/automaticDrive/install/hello_node/share/hello_node/package.xml
[8.709s] Invoked command in '/home/youngju/automaticDrive/build/hello_node' returned '0': CMAKE_PREFIX_PATH=${CMAKE_PREFIX_PATH}:/opt/ros/humble /usr/bin/cmake --install /home/youngju/automaticDrive/build/hello_node
