[0.017s] Invoking command in '/home/youngju/automaticDrive/build/drive': CMAKE_PREFIX_PATH=${CMAKE_PREFIX_PATH}:/opt/ros/humble /usr/bin/cmake --build /home/youngju/automaticDrive/build/drive -- -j12 -l12
[0.080s] [35m[1mConsolidate compiler generated dependencies of target drive_node[0m
[0.091s] [ 33%] Built target uart_node
[0.092s] [ 66%] Built target speed_steer_publisher
[0.095s] [ 83%] [32mBuilding CXX object CMakeFiles/drive_node.dir/src/drive.cpp.o[0m
[3.193s] [100%] [32m[1mLinking CXX executable drive_node[0m
[3.805s] [100%] Built target drive_node
[3.815s] Invoked command in '/home/youngju/automaticDrive/build/drive' returned '0': CMAKE_PREFIX_PATH=${CMAKE_PREFIX_PATH}:/opt/ros/humble /usr/bin/cmake --build /home/youngju/automaticDrive/build/drive -- -j12 -l12
[3.822s] Invoking command in '/home/youngju/automaticDrive/build/drive': CMAKE_PREFIX_PATH=${CMAKE_PREFIX_PATH}:/opt/ros/humble /usr/bin/cmake --install /home/youngju/automaticDrive/build/drive
[3.828s] -- Install configuration: ""
[3.830s] -- Up-to-date: /home/youngju/automaticDrive/install/drive/lib/drive/uart_node
[3.831s] -- Up-to-date: /home/youngju/automaticDrive/install/drive/lib/drive/speed_steer_publisher
[3.831s] -- Installing: /home/youngju/automaticDrive/install/drive/lib/drive/drive_node
[3.832s] -- Set runtime path of "/home/youngju/automaticDrive/install/drive/lib/drive/drive_node" to ""
[3.832s] -- Up-to-date: /home/youngju/automaticDrive/install/drive/share/ament_index/resource_index/package_run_dependencies/drive
[3.832s] -- Up-to-date: /home/youngju/automaticDrive/install/drive/share/ament_index/resource_index/parent_prefix_path/drive
[3.832s] -- Up-to-date: /home/youngju/automaticDrive/install/drive/share/drive/environment/ament_prefix_path.sh
[3.832s] -- Up-to-date: /home/youngju/automaticDrive/install/drive/share/drive/environment/ament_prefix_path.dsv
[3.832s] -- Up-to-date: /home/youngju/automaticDrive/install/drive/share/drive/environment/path.sh
[3.832s] -- Up-to-date: /home/youngju/automaticDrive/install/drive/share/drive/environment/path.dsv
[3.832s] -- Up-to-date: /home/youngju/automaticDrive/install/drive/share/drive/local_setup.bash
[3.832s] -- Up-to-date: /home/youngju/automaticDrive/install/drive/share/drive/local_setup.sh
[3.832s] -- Up-to-date: /home/youngju/automaticDrive/install/drive/share/drive/local_setup.zsh
[3.832s] -- Up-to-date: /home/youngju/automaticDrive/install/drive/share/drive/local_setup.dsv
[3.832s] -- Installing: /home/youngju/automaticDrive/install/drive/share/drive/package.dsv
[3.833s] -- Up-to-date: /home/youngju/automaticDrive/install/drive/share/ament_index/resource_index/packages/drive
[3.833s] -- Up-to-date: /home/youngju/automaticDrive/install/drive/share/drive/cmake/driveConfig.cmake
[3.833s] -- Up-to-date: /home/youngju/automaticDrive/install/drive/share/drive/cmake/driveConfig-version.cmake
[3.833s] -- Up-to-date: /home/youngju/automaticDrive/install/drive/share/drive/package.xml
[3.834s] Invoked command in '/home/youngju/automaticDrive/build/drive' returned '0': CMAKE_PREFIX_PATH=${CMAKE_PREFIX_PATH}:/opt/ros/humble /usr/bin/cmake --install /home/youngju/automaticDrive/build/drive
