[0.420s] DEBUG:colcon:Command line arguments: ['/usr/bin/colcon', 'build', '--packages-select', 'drive']
[0.420s] DEBUG:colcon:Parsed command line arguments: Namespace(log_base=None, log_level=None, verb_name='build', build_base='build', install_base='install', merge_install=False, symlink_install=False, test_result_base=None, continue_on_error=False, executor='parallel', parallel_workers=12, event_handlers=None, ignore_user_meta=False, metas=['./colcon.meta'], base_paths=['.'], packages_ignore=None, packages_ignore_regex=None, paths=None, packages_up_to=None, packages_up_to_regex=None, packages_above=None, packages_above_and_dependencies=None, packages_above_depth=None, packages_select_by_dep=None, packages_skip_by_dep=None, packages_skip_up_to=None, packages_select_build_failed=False, packages_skip_build_finished=False, packages_select_test_failures=False, packages_skip_test_passed=False, packages_select=['drive'], packages_skip=None, packages_select_regex=None, packages_skip_regex=None, packages_start=None, packages_end=None, allow_overriding=[], cmake_args=None, cmake_target=None, cmake_target_skip_unavailable=False, cmake_clean_cache=False, cmake_clean_first=False, cmake_force_configure=False, ament_cmake_args=None, catkin_cmake_args=None, catkin_skip_building_tests=False, verb_parser=<colcon_defaults.argument_parser.defaults.DefaultArgumentsDecorator object at 0x7c1bf30cae00>, verb_extension=<colcon_core.verb.build.BuildVerb object at 0x7c1bf30ca470>, main=<bound method BuildVerb.main of <colcon_core.verb.build.BuildVerb object at 0x7c1bf30ca470>>)
[0.916s] Level 1:colcon.colcon_core.package_discovery:discover_packages(colcon_meta) check parameters
[0.916s] Level 1:colcon.colcon_core.package_discovery:discover_packages(recursive) check parameters
[0.916s] Level 1:colcon.colcon_core.package_discovery:discover_packages(ignore) check parameters
[0.916s] Level 1:colcon.colcon_core.package_discovery:discover_packages(path) check parameters
[0.916s] Level 1:colcon.colcon_core.package_discovery:discover_packages(colcon_meta) discover
[0.916s] Level 1:colcon.colcon_core.package_discovery:discover_packages(recursive) discover
[0.916s] INFO:colcon.colcon_core.package_discovery:Crawling recursively for packages in '/home/youngju/automaticDrive'
[0.916s] Level 1:colcon.colcon_core.package_identification:_identify(.) by extensions ['ignore', 'ignore_ament_install']
[0.916s] Level 1:colcon.colcon_core.package_identification:_identify(.) by extension 'ignore'
[0.916s] Level 1:colcon.colcon_core.package_identification:_identify(.) by extension 'ignore_ament_install'
[0.917s] Level 1:colcon.colcon_core.package_identification:_identify(.) by extensions ['colcon_pkg']
[0.917s] Level 1:colcon.colcon_core.package_identification:_identify(.) by extension 'colcon_pkg'
[0.917s] Level 1:colcon.colcon_core.package_identification:_identify(.) by extensions ['colcon_meta']
[0.917s] Level 1:colcon.colcon_core.package_identification:_identify(.) by extension 'colcon_meta'
[0.917s] Level 1:colcon.colcon_core.package_identification:_identify(.) by extensions ['ros']
[0.917s] Level 1:colcon.colcon_core.package_identification:_identify(.) by extension 'ros'
[0.931s] Level 1:colcon.colcon_core.package_identification:_identify(.) by extensions ['cmake', 'python']
[0.932s] Level 1:colcon.colcon_core.package_identification:_identify(.) by extension 'cmake'
[0.932s] Level 1:colcon.colcon_core.package_identification:_identify(.) by extension 'python'
[0.932s] Level 1:colcon.colcon_core.package_identification:_identify(.) by extensions ['python_setup_py']
[0.932s] Level 1:colcon.colcon_core.package_identification:_identify(.) by extension 'python_setup_py'
[0.932s] Level 1:colcon.colcon_core.package_identification:_identify(build) by extensions ['ignore', 'ignore_ament_install']
[0.932s] Level 1:colcon.colcon_core.package_identification:_identify(build) by extension 'ignore'
[0.932s] Level 1:colcon.colcon_core.package_identification:_identify(build) ignored
[0.932s] Level 1:colcon.colcon_core.package_identification:_identify(install) by extensions ['ignore', 'ignore_ament_install']
[0.932s] Level 1:colcon.colcon_core.package_identification:_identify(install) by extension 'ignore'
[0.932s] Level 1:colcon.colcon_core.package_identification:_identify(install) ignored
[0.932s] Level 1:colcon.colcon_core.package_identification:_identify(log) by extensions ['ignore', 'ignore_ament_install']
[0.933s] Level 1:colcon.colcon_core.package_identification:_identify(log) by extension 'ignore'
[0.933s] Level 1:colcon.colcon_core.package_identification:_identify(log) ignored
[0.933s] Level 1:colcon.colcon_core.package_identification:_identify(src) by extensions ['ignore', 'ignore_ament_install']
[0.933s] Level 1:colcon.colcon_core.package_identification:_identify(src) by extension 'ignore'
[0.933s] Level 1:colcon.colcon_core.package_identification:_identify(src) by extension 'ignore_ament_install'
[0.933s] Level 1:colcon.colcon_core.package_identification:_identify(src) by extensions ['colcon_pkg']
[0.933s] Level 1:colcon.colcon_core.package_identification:_identify(src) by extension 'colcon_pkg'
[0.933s] Level 1:colcon.colcon_core.package_identification:_identify(src) by extensions ['colcon_meta']
[0.933s] Level 1:colcon.colcon_core.package_identification:_identify(src) by extension 'colcon_meta'
[0.933s] Level 1:colcon.colcon_core.package_identification:_identify(src) by extensions ['ros']
[0.933s] Level 1:colcon.colcon_core.package_identification:_identify(src) by extension 'ros'
[0.933s] Level 1:colcon.colcon_core.package_identification:_identify(src) by extensions ['cmake', 'python']
[0.933s] Level 1:colcon.colcon_core.package_identification:_identify(src) by extension 'cmake'
[0.933s] Level 1:colcon.colcon_core.package_identification:_identify(src) by extension 'python'
[0.933s] Level 1:colcon.colcon_core.package_identification:_identify(src) by extensions ['python_setup_py']
[0.933s] Level 1:colcon.colcon_core.package_identification:_identify(src) by extension 'python_setup_py'
[0.933s] Level 1:colcon.colcon_core.package_identification:_identify(src/drive) by extensions ['ignore', 'ignore_ament_install']
[0.933s] Level 1:colcon.colcon_core.package_identification:_identify(src/drive) by extension 'ignore'
[0.934s] Level 1:colcon.colcon_core.package_identification:_identify(src/drive) by extension 'ignore_ament_install'
[0.934s] Level 1:colcon.colcon_core.package_identification:_identify(src/drive) by extensions ['colcon_pkg']
[0.934s] Level 1:colcon.colcon_core.package_identification:_identify(src/drive) by extension 'colcon_pkg'
[0.934s] Level 1:colcon.colcon_core.package_identification:_identify(src/drive) by extensions ['colcon_meta']
[0.934s] Level 1:colcon.colcon_core.package_identification:_identify(src/drive) by extension 'colcon_meta'
[0.934s] Level 1:colcon.colcon_core.package_identification:_identify(src/drive) by extensions ['ros']
[0.934s] Level 1:colcon.colcon_core.package_identification:_identify(src/drive) by extension 'ros'
[0.937s] DEBUG:colcon.colcon_core.package_identification:Package 'src/drive' with type 'ros.ament_cmake' and name 'drive'
[0.937s] Level 1:colcon.colcon_core.package_discovery:discover_packages(recursive) using defaults
[0.937s] Level 1:colcon.colcon_core.package_discovery:discover_packages(ignore) discover
[0.937s] Level 1:colcon.colcon_core.package_discovery:discover_packages(ignore) using defaults
[0.937s] Level 1:colcon.colcon_core.package_discovery:discover_packages(path) discover
[0.937s] Level 1:colcon.colcon_core.package_discovery:discover_packages(path) using defaults
[0.970s] Level 1:colcon.colcon_core.package_discovery:discover_packages(prefix_path) check parameters
[0.970s] Level 1:colcon.colcon_core.package_discovery:discover_packages(prefix_path) discover
[0.977s] DEBUG:colcon.colcon_installed_package_information.package_discovery:Found 2 installed packages in /home/youngju/automaticDrive/install
[0.979s] DEBUG:colcon.colcon_installed_package_information.package_discovery:Found 271 installed packages in /opt/ros/humble
[0.980s] Level 1:colcon.colcon_core.package_discovery:discover_packages(prefix_path) using defaults
[1.119s] Level 5:colcon.colcon_core.verb:set package 'drive' build argument 'cmake_args' from command line to 'None'
[1.119s] Level 5:colcon.colcon_core.verb:set package 'drive' build argument 'cmake_target' from command line to 'None'
[1.119s] Level 5:colcon.colcon_core.verb:set package 'drive' build argument 'cmake_target_skip_unavailable' from command line to 'False'
[1.119s] Level 5:colcon.colcon_core.verb:set package 'drive' build argument 'cmake_clean_cache' from command line to 'False'
[1.119s] Level 5:colcon.colcon_core.verb:set package 'drive' build argument 'cmake_clean_first' from command line to 'False'
[1.119s] Level 5:colcon.colcon_core.verb:set package 'drive' build argument 'cmake_force_configure' from command line to 'False'
[1.119s] Level 5:colcon.colcon_core.verb:set package 'drive' build argument 'ament_cmake_args' from command line to 'None'
[1.119s] Level 5:colcon.colcon_core.verb:set package 'drive' build argument 'catkin_cmake_args' from command line to 'None'
[1.119s] Level 5:colcon.colcon_core.verb:set package 'drive' build argument 'catkin_skip_building_tests' from command line to 'False'
[1.119s] DEBUG:colcon.colcon_core.verb:Building package 'drive' with the following arguments: {'ament_cmake_args': None, 'build_base': '/home/youngju/automaticDrive/build/drive', 'catkin_cmake_args': None, 'catkin_skip_building_tests': False, 'cmake_args': None, 'cmake_clean_cache': False, 'cmake_clean_first': False, 'cmake_force_configure': False, 'cmake_target': None, 'cmake_target_skip_unavailable': False, 'install_base': '/home/youngju/automaticDrive/install/drive', 'merge_install': False, 'path': '/home/youngju/automaticDrive/src/drive', 'symlink_install': False, 'test_result_base': None}
[1.119s] INFO:colcon.colcon_core.executor:Executing jobs using 'parallel' executor
[1.120s] DEBUG:colcon.colcon_parallel_executor.executor.parallel:run_until_complete
[1.120s] INFO:colcon.colcon_ros.task.ament_cmake.build:Building ROS package in '/home/youngju/automaticDrive/src/drive' with build type 'ament_cmake'
[1.120s] INFO:colcon.colcon_cmake.task.cmake.build:Building CMake package in '/home/youngju/automaticDrive/src/drive'
[1.128s] INFO:colcon.colcon_core.plugin_system:Skipping extension 'colcon_core.shell.bat': Not used on non-Windows systems
[1.128s] INFO:colcon.colcon_core.shell:Skip shell extension 'powershell' for command environment: Not usable outside of PowerShell
[1.129s] DEBUG:colcon.colcon_core.shell:Skip shell extension 'dsv' for command environment
[1.137s] DEBUG:colcon.colcon_core.event_handler.log_command:Invoking command in '/home/youngju/automaticDrive/build/drive': CMAKE_PREFIX_PATH=${CMAKE_PREFIX_PATH}:/opt/ros/humble /usr/bin/cmake --build /home/youngju/automaticDrive/build/drive -- -j12 -l12
[5.617s] Level 1:colcon.colcon_core.environment:create_environment_scripts_only(drive)
[5.617s] DEBUG:colcon.colcon_core.event_handler.log_command:Invoked command in '/home/youngju/automaticDrive/build/drive' returned '2': CMAKE_PREFIX_PATH=${CMAKE_PREFIX_PATH}:/opt/ros/humble /usr/bin/cmake --build /home/youngju/automaticDrive/build/drive -- -j12 -l12
[5.622s] Level 1:colcon.colcon_core.environment:checking '/home/youngju/automaticDrive/install/drive' for CMake module files
[5.623s] Level 1:colcon.colcon_core.environment:checking '/home/youngju/automaticDrive/install/drive' for CMake config files
[5.623s] Level 1:colcon.colcon_core.shell:create_environment_hook('drive', 'cmake_prefix_path')
[5.623s] INFO:colcon.colcon_core.shell:Creating environment hook '/home/youngju/automaticDrive/install/drive/share/drive/hook/cmake_prefix_path.ps1'
[5.624s] INFO:colcon.colcon_core.shell:Creating environment descriptor '/home/youngju/automaticDrive/install/drive/share/drive/hook/cmake_prefix_path.dsv'
[5.625s] INFO:colcon.colcon_core.shell:Creating environment hook '/home/youngju/automaticDrive/install/drive/share/drive/hook/cmake_prefix_path.sh'
[5.627s] Level 1:colcon.colcon_core.environment:checking '/home/youngju/automaticDrive/install/drive/lib'
[5.627s] Level 1:colcon.colcon_core.environment:checking '/home/youngju/automaticDrive/install/drive/bin'
[5.627s] Level 1:colcon.colcon_core.environment:checking '/home/youngju/automaticDrive/install/drive/lib/pkgconfig/drive.pc'
[5.627s] Level 1:colcon.colcon_core.environment:checking '/home/youngju/automaticDrive/install/drive/lib/python3.10/site-packages'
[5.627s] Level 1:colcon.colcon_core.environment:checking '/home/youngju/automaticDrive/install/drive/bin'
[5.627s] INFO:colcon.colcon_core.shell:Creating package script '/home/youngju/automaticDrive/install/drive/share/drive/package.ps1'
[5.628s] INFO:colcon.colcon_core.shell:Creating package descriptor '/home/youngju/automaticDrive/install/drive/share/drive/package.dsv'
[5.629s] INFO:colcon.colcon_core.shell:Creating package script '/home/youngju/automaticDrive/install/drive/share/drive/package.sh'
[5.630s] INFO:colcon.colcon_core.shell:Creating package script '/home/youngju/automaticDrive/install/drive/share/drive/package.bash'
[5.631s] INFO:colcon.colcon_core.shell:Creating package script '/home/youngju/automaticDrive/install/drive/share/drive/package.zsh'
[5.632s] Level 1:colcon.colcon_core.environment:create_file_with_runtime_dependencies(/home/youngju/automaticDrive/install/drive/share/colcon-core/packages/drive)
[5.643s] DEBUG:colcon.colcon_parallel_executor.executor.parallel:closing loop
[5.643s] DEBUG:colcon.colcon_parallel_executor.executor.parallel:loop closed
[5.643s] DEBUG:colcon.colcon_parallel_executor.executor.parallel:run_until_complete finished with '2'
[5.643s] DEBUG:colcon.colcon_core.event_reactor:joining thread
[5.681s] INFO:colcon.colcon_core.plugin_system:Skipping extension 'colcon_notification.desktop_notification.notify_send': Could not find 'notify-send'
[5.682s] INFO:colcon.colcon_core.plugin_system:Skipping extension 'colcon_notification.desktop_notification.terminal_notifier': Not used on non-Darwin systems
[5.682s] INFO:colcon.colcon_core.plugin_system:Skipping extension 'colcon_notification.desktop_notification.win32': Not used on non-Windows systems
[5.682s] INFO:colcon.colcon_notification.desktop_notification:Sending desktop notification using 'notify2'
[5.682s] DEBUG:colcon.colcon_notification.desktop_notification.notify2:Failed to initialize notify2: org.freedesktop.DBus.Error.FileNotFound: Failed to connect to socket /run/user/1000/bus: No such file or directory
[5.682s] DEBUG:colcon.colcon_core.event_reactor:joined thread
[5.682s] INFO:colcon.colcon_core.shell:Creating prefix script '/home/youngju/automaticDrive/install/local_setup.ps1'
[5.684s] INFO:colcon.colcon_core.shell:Creating prefix util module '/home/youngju/automaticDrive/install/_local_setup_util_ps1.py'
[5.686s] INFO:colcon.colcon_core.shell:Creating prefix chain script '/home/youngju/automaticDrive/install/setup.ps1'
[5.687s] INFO:colcon.colcon_core.shell:Creating prefix script '/home/youngju/automaticDrive/install/local_setup.sh'
[5.689s] INFO:colcon.colcon_core.shell:Creating prefix util module '/home/youngju/automaticDrive/install/_local_setup_util_sh.py'
[5.689s] INFO:colcon.colcon_core.shell:Creating prefix chain script '/home/youngju/automaticDrive/install/setup.sh'
[5.691s] INFO:colcon.colcon_core.shell:Creating prefix script '/home/youngju/automaticDrive/install/local_setup.bash'
[5.692s] INFO:colcon.colcon_core.shell:Creating prefix chain script '/home/youngju/automaticDrive/install/setup.bash'
[5.694s] INFO:colcon.colcon_core.shell:Creating prefix script '/home/youngju/automaticDrive/install/local_setup.zsh'
[5.695s] INFO:colcon.colcon_core.shell:Creating prefix chain script '/home/youngju/automaticDrive/install/setup.zsh'
