[0.109s] DEBUG:colcon:Command line arguments: ['/usr/bin/colcon', 'build', '--packages-select', 'hello_node']
[0.109s] DEBUG:colcon:Parsed command line arguments: Namespace(log_base=None, log_level=None, verb_name='build', build_base='build', install_base='install', merge_install=False, symlink_install=False, test_result_base=None, continue_on_error=False, executor='parallel', parallel_workers=12, event_handlers=None, ignore_user_meta=False, metas=['./colcon.meta'], base_paths=['.'], packages_ignore=None, packages_ignore_regex=None, paths=None, packages_up_to=None, packages_up_to_regex=None, packages_above=None, packages_above_and_dependencies=None, packages_above_depth=None, packages_select_by_dep=None, packages_skip_by_dep=None, packages_skip_up_to=None, packages_select_build_failed=False, packages_skip_build_finished=False, packages_select_test_failures=False, packages_skip_test_passed=False, packages_select=['hello_node'], packages_skip=None, packages_select_regex=None, packages_skip_regex=None, packages_start=None, packages_end=None, allow_overriding=[], cmake_args=None, cmake_target=None, cmake_target_skip_unavailable=False, cmake_clean_cache=False, cmake_clean_first=False, cmake_force_configure=False, ament_cmake_args=None, catkin_cmake_args=None, catkin_skip_building_tests=False, verb_parser=<colcon_defaults.argument_parser.defaults.DefaultArgumentsDecorator object at 0x70ab9921ae30>, verb_extension=<colcon_core.verb.build.BuildVerb object at 0x70ab9921a4a0>, main=<bound method BuildVerb.main of <colcon_core.verb.build.BuildVerb object at 0x70ab9921a4a0>>)
[0.185s] Level 1:colcon.colcon_core.package_discovery:discover_packages(colcon_meta) check parameters
[0.185s] Level 1:colcon.colcon_core.package_discovery:discover_packages(recursive) check parameters
[0.185s] Level 1:colcon.colcon_core.package_discovery:discover_packages(ignore) check parameters
[0.185s] Level 1:colcon.colcon_core.package_discovery:discover_packages(path) check parameters
[0.185s] Level 1:colcon.colcon_core.package_discovery:discover_packages(colcon_meta) discover
[0.185s] Level 1:colcon.colcon_core.package_discovery:discover_packages(recursive) discover
[0.185s] INFO:colcon.colcon_core.package_discovery:Crawling recursively for packages in '/home/youngju/automaticDrive'
[0.185s] Level 1:colcon.colcon_core.package_identification:_identify(.) by extensions ['ignore', 'ignore_ament_install']
[0.185s] Level 1:colcon.colcon_core.package_identification:_identify(.) by extension 'ignore'
[0.185s] Level 1:colcon.colcon_core.package_identification:_identify(.) by extension 'ignore_ament_install'
[0.185s] Level 1:colcon.colcon_core.package_identification:_identify(.) by extensions ['colcon_pkg']
[0.185s] Level 1:colcon.colcon_core.package_identification:_identify(.) by extension 'colcon_pkg'
[0.185s] Level 1:colcon.colcon_core.package_identification:_identify(.) by extensions ['colcon_meta']
[0.185s] Level 1:colcon.colcon_core.package_identification:_identify(.) by extension 'colcon_meta'
[0.185s] Level 1:colcon.colcon_core.package_identification:_identify(.) by extensions ['ros']
[0.185s] Level 1:colcon.colcon_core.package_identification:_identify(.) by extension 'ros'
[0.196s] Level 1:colcon.colcon_core.package_identification:_identify(.) by extensions ['cmake', 'python']
[0.196s] Level 1:colcon.colcon_core.package_identification:_identify(.) by extension 'cmake'
[0.196s] Level 1:colcon.colcon_core.package_identification:_identify(.) by extension 'python'
[0.196s] Level 1:colcon.colcon_core.package_identification:_identify(.) by extensions ['python_setup_py']
[0.196s] Level 1:colcon.colcon_core.package_identification:_identify(.) by extension 'python_setup_py'
[0.196s] Level 1:colcon.colcon_core.package_identification:_identify(build) by extensions ['ignore', 'ignore_ament_install']
[0.196s] Level 1:colcon.colcon_core.package_identification:_identify(build) by extension 'ignore'
[0.196s] Level 1:colcon.colcon_core.package_identification:_identify(build) ignored
[0.196s] Level 1:colcon.colcon_core.package_identification:_identify(install) by extensions ['ignore', 'ignore_ament_install']
[0.196s] Level 1:colcon.colcon_core.package_identification:_identify(install) by extension 'ignore'
[0.196s] Level 1:colcon.colcon_core.package_identification:_identify(install) ignored
[0.196s] Level 1:colcon.colcon_core.package_identification:_identify(log) by extensions ['ignore', 'ignore_ament_install']
[0.197s] Level 1:colcon.colcon_core.package_identification:_identify(log) by extension 'ignore'
[0.197s] Level 1:colcon.colcon_core.package_identification:_identify(log) ignored
[0.197s] Level 1:colcon.colcon_core.package_identification:_identify(src) by extensions ['ignore', 'ignore_ament_install']
[0.197s] Level 1:colcon.colcon_core.package_identification:_identify(src) by extension 'ignore'
[0.197s] Level 1:colcon.colcon_core.package_identification:_identify(src) by extension 'ignore_ament_install'
[0.197s] Level 1:colcon.colcon_core.package_identification:_identify(src) by extensions ['colcon_pkg']
[0.197s] Level 1:colcon.colcon_core.package_identification:_identify(src) by extension 'colcon_pkg'
[0.197s] Level 1:colcon.colcon_core.package_identification:_identify(src) by extensions ['colcon_meta']
[0.197s] Level 1:colcon.colcon_core.package_identification:_identify(src) by extension 'colcon_meta'
[0.197s] Level 1:colcon.colcon_core.package_identification:_identify(src) by extensions ['ros']
[0.197s] Level 1:colcon.colcon_core.package_identification:_identify(src) by extension 'ros'
[0.197s] Level 1:colcon.colcon_core.package_identification:_identify(src) by extensions ['cmake', 'python']
[0.197s] Level 1:colcon.colcon_core.package_identification:_identify(src) by extension 'cmake'
[0.197s] Level 1:colcon.colcon_core.package_identification:_identify(src) by extension 'python'
[0.197s] Level 1:colcon.colcon_core.package_identification:_identify(src) by extensions ['python_setup_py']
[0.197s] Level 1:colcon.colcon_core.package_identification:_identify(src) by extension 'python_setup_py'
[0.197s] Level 1:colcon.colcon_core.package_identification:_identify(src/hello_node) by extensions ['ignore', 'ignore_ament_install']
[0.197s] Level 1:colcon.colcon_core.package_identification:_identify(src/hello_node) by extension 'ignore'
[0.197s] Level 1:colcon.colcon_core.package_identification:_identify(src/hello_node) by extension 'ignore_ament_install'
[0.197s] Level 1:colcon.colcon_core.package_identification:_identify(src/hello_node) by extensions ['colcon_pkg']
[0.197s] Level 1:colcon.colcon_core.package_identification:_identify(src/hello_node) by extension 'colcon_pkg'
[0.197s] Level 1:colcon.colcon_core.package_identification:_identify(src/hello_node) by extensions ['colcon_meta']
[0.197s] Level 1:colcon.colcon_core.package_identification:_identify(src/hello_node) by extension 'colcon_meta'
[0.198s] Level 1:colcon.colcon_core.package_identification:_identify(src/hello_node) by extensions ['ros']
[0.198s] Level 1:colcon.colcon_core.package_identification:_identify(src/hello_node) by extension 'ros'
[0.199s] DEBUG:colcon.colcon_core.package_identification:Package 'src/hello_node' with type 'ros.ament_cmake' and name 'hello_node'
[0.199s] Level 1:colcon.colcon_core.package_discovery:discover_packages(recursive) using defaults
[0.199s] Level 1:colcon.colcon_core.package_discovery:discover_packages(ignore) discover
[0.199s] Level 1:colcon.colcon_core.package_discovery:discover_packages(ignore) using defaults
[0.199s] Level 1:colcon.colcon_core.package_discovery:discover_packages(path) discover
[0.199s] Level 1:colcon.colcon_core.package_discovery:discover_packages(path) using defaults
[0.211s] Level 1:colcon.colcon_core.package_discovery:discover_packages(prefix_path) check parameters
[0.211s] Level 1:colcon.colcon_core.package_discovery:discover_packages(prefix_path) discover
[0.212s] DEBUG:colcon.colcon_installed_package_information.package_discovery:Found 1 installed packages in /home/youngju/automaticDrive/install
[0.212s] DEBUG:colcon.colcon_installed_package_information.package_discovery:Found 271 installed packages in /opt/ros/humble
[0.214s] Level 1:colcon.colcon_core.package_discovery:discover_packages(prefix_path) using defaults
[0.254s] Level 5:colcon.colcon_core.verb:set package 'hello_node' build argument 'cmake_args' from command line to 'None'
[0.254s] Level 5:colcon.colcon_core.verb:set package 'hello_node' build argument 'cmake_target' from command line to 'None'
[0.254s] Level 5:colcon.colcon_core.verb:set package 'hello_node' build argument 'cmake_target_skip_unavailable' from command line to 'False'
[0.254s] Level 5:colcon.colcon_core.verb:set package 'hello_node' build argument 'cmake_clean_cache' from command line to 'False'
[0.254s] Level 5:colcon.colcon_core.verb:set package 'hello_node' build argument 'cmake_clean_first' from command line to 'False'
[0.254s] Level 5:colcon.colcon_core.verb:set package 'hello_node' build argument 'cmake_force_configure' from command line to 'False'
[0.254s] Level 5:colcon.colcon_core.verb:set package 'hello_node' build argument 'ament_cmake_args' from command line to 'None'
[0.254s] Level 5:colcon.colcon_core.verb:set package 'hello_node' build argument 'catkin_cmake_args' from command line to 'None'
[0.254s] Level 5:colcon.colcon_core.verb:set package 'hello_node' build argument 'catkin_skip_building_tests' from command line to 'False'
[0.254s] DEBUG:colcon.colcon_core.verb:Building package 'hello_node' with the following arguments: {'ament_cmake_args': None, 'build_base': '/home/youngju/automaticDrive/build/hello_node', 'catkin_cmake_args': None, 'catkin_skip_building_tests': False, 'cmake_args': None, 'cmake_clean_cache': False, 'cmake_clean_first': False, 'cmake_force_configure': False, 'cmake_target': None, 'cmake_target_skip_unavailable': False, 'install_base': '/home/youngju/automaticDrive/install/hello_node', 'merge_install': False, 'path': '/home/youngju/automaticDrive/src/hello_node', 'symlink_install': False, 'test_result_base': None}
[0.254s] INFO:colcon.colcon_core.executor:Executing jobs using 'parallel' executor
[0.255s] DEBUG:colcon.colcon_parallel_executor.executor.parallel:run_until_complete
[0.255s] INFO:colcon.colcon_ros.task.ament_cmake.build:Building ROS package in '/home/youngju/automaticDrive/src/hello_node' with build type 'ament_cmake'
[0.255s] INFO:colcon.colcon_cmake.task.cmake.build:Building CMake package in '/home/youngju/automaticDrive/src/hello_node'
[0.256s] INFO:colcon.colcon_core.plugin_system:Skipping extension 'colcon_core.shell.bat': Not used on non-Windows systems
[0.256s] INFO:colcon.colcon_core.shell:Skip shell extension 'powershell' for command environment: Not usable outside of PowerShell
[0.256s] DEBUG:colcon.colcon_core.shell:Skip shell extension 'dsv' for command environment
[0.262s] DEBUG:colcon.colcon_core.event_handler.log_command:Invoking command in '/home/youngju/automaticDrive/build/hello_node': CMAKE_PREFIX_PATH=${CMAKE_PREFIX_PATH}:/opt/ros/humble /usr/bin/cmake --build /home/youngju/automaticDrive/build/hello_node -- -j12 -l12
[8.949s] DEBUG:colcon.colcon_core.event_handler.log_command:Invoked command in '/home/youngju/automaticDrive/build/hello_node' returned '0': CMAKE_PREFIX_PATH=${CMAKE_PREFIX_PATH}:/opt/ros/humble /usr/bin/cmake --build /home/youngju/automaticDrive/build/hello_node -- -j12 -l12
[8.954s] DEBUG:colcon.colcon_core.event_handler.log_command:Invoking command in '/home/youngju/automaticDrive/build/hello_node': CMAKE_PREFIX_PATH=${CMAKE_PREFIX_PATH}:/opt/ros/humble /usr/bin/cmake --install /home/youngju/automaticDrive/build/hello_node
[8.964s] Level 1:colcon.colcon_core.environment:create_environment_scripts_only(hello_node)
[8.965s] DEBUG:colcon.colcon_core.event_handler.log_command:Invoked command in '/home/youngju/automaticDrive/build/hello_node' returned '0': CMAKE_PREFIX_PATH=${CMAKE_PREFIX_PATH}:/opt/ros/humble /usr/bin/cmake --install /home/youngju/automaticDrive/build/hello_node
[8.966s] Level 1:colcon.colcon_core.environment:checking '/home/youngju/automaticDrive/install/hello_node' for CMake module files
[8.967s] Level 1:colcon.colcon_core.environment:checking '/home/youngju/automaticDrive/install/hello_node' for CMake config files
[8.967s] Level 1:colcon.colcon_core.shell:create_environment_hook('hello_node', 'cmake_prefix_path')
[8.967s] INFO:colcon.colcon_core.shell:Creating environment hook '/home/youngju/automaticDrive/install/hello_node/share/hello_node/hook/cmake_prefix_path.ps1'
[8.968s] INFO:colcon.colcon_core.shell:Creating environment descriptor '/home/youngju/automaticDrive/install/hello_node/share/hello_node/hook/cmake_prefix_path.dsv'
[8.968s] INFO:colcon.colcon_core.shell:Creating environment hook '/home/youngju/automaticDrive/install/hello_node/share/hello_node/hook/cmake_prefix_path.sh'
[8.968s] Level 1:colcon.colcon_core.environment:checking '/home/youngju/automaticDrive/install/hello_node/lib'
[8.969s] Level 1:colcon.colcon_core.environment:checking '/home/youngju/automaticDrive/install/hello_node/bin'
[8.969s] Level 1:colcon.colcon_core.environment:checking '/home/youngju/automaticDrive/install/hello_node/lib/pkgconfig/hello_node.pc'
[8.969s] Level 1:colcon.colcon_core.environment:checking '/home/youngju/automaticDrive/install/hello_node/lib/python3.10/site-packages'
[8.969s] Level 1:colcon.colcon_core.environment:checking '/home/youngju/automaticDrive/install/hello_node/bin'
[8.969s] INFO:colcon.colcon_core.shell:Creating package script '/home/youngju/automaticDrive/install/hello_node/share/hello_node/package.ps1'
[8.969s] INFO:colcon.colcon_core.shell:Creating package descriptor '/home/youngju/automaticDrive/install/hello_node/share/hello_node/package.dsv'
[8.970s] INFO:colcon.colcon_core.shell:Creating package script '/home/youngju/automaticDrive/install/hello_node/share/hello_node/package.sh'
[8.970s] INFO:colcon.colcon_core.shell:Creating package script '/home/youngju/automaticDrive/install/hello_node/share/hello_node/package.bash'
[8.970s] INFO:colcon.colcon_core.shell:Creating package script '/home/youngju/automaticDrive/install/hello_node/share/hello_node/package.zsh'
[8.971s] Level 1:colcon.colcon_core.environment:create_file_with_runtime_dependencies(/home/youngju/automaticDrive/install/hello_node/share/colcon-core/packages/hello_node)
[8.971s] Level 1:colcon.colcon_core.environment:create_environment_scripts_only(hello_node)
[8.971s] Level 1:colcon.colcon_core.environment:checking '/home/youngju/automaticDrive/install/hello_node' for CMake module files
[8.972s] Level 1:colcon.colcon_core.environment:checking '/home/youngju/automaticDrive/install/hello_node' for CMake config files
[8.972s] Level 1:colcon.colcon_core.shell:create_environment_hook('hello_node', 'cmake_prefix_path')
[8.972s] INFO:colcon.colcon_core.shell:Creating environment hook '/home/youngju/automaticDrive/install/hello_node/share/hello_node/hook/cmake_prefix_path.ps1'
[8.972s] INFO:colcon.colcon_core.shell:Creating environment descriptor '/home/youngju/automaticDrive/install/hello_node/share/hello_node/hook/cmake_prefix_path.dsv'
[8.972s] INFO:colcon.colcon_core.shell:Creating environment hook '/home/youngju/automaticDrive/install/hello_node/share/hello_node/hook/cmake_prefix_path.sh'
[8.973s] Level 1:colcon.colcon_core.environment:checking '/home/youngju/automaticDrive/install/hello_node/lib'
[8.973s] Level 1:colcon.colcon_core.environment:checking '/home/youngju/automaticDrive/install/hello_node/bin'
[8.973s] Level 1:colcon.colcon_core.environment:checking '/home/youngju/automaticDrive/install/hello_node/lib/pkgconfig/hello_node.pc'
[8.973s] Level 1:colcon.colcon_core.environment:checking '/home/youngju/automaticDrive/install/hello_node/lib/python3.10/site-packages'
[8.973s] Level 1:colcon.colcon_core.environment:checking '/home/youngju/automaticDrive/install/hello_node/bin'
[8.973s] INFO:colcon.colcon_core.shell:Creating package script '/home/youngju/automaticDrive/install/hello_node/share/hello_node/package.ps1'
[8.974s] INFO:colcon.colcon_core.shell:Creating package descriptor '/home/youngju/automaticDrive/install/hello_node/share/hello_node/package.dsv'
[8.974s] INFO:colcon.colcon_core.shell:Creating package script '/home/youngju/automaticDrive/install/hello_node/share/hello_node/package.sh'
[8.974s] INFO:colcon.colcon_core.shell:Creating package script '/home/youngju/automaticDrive/install/hello_node/share/hello_node/package.bash'
[8.975s] INFO:colcon.colcon_core.shell:Creating package script '/home/youngju/automaticDrive/install/hello_node/share/hello_node/package.zsh'
[8.975s] Level 1:colcon.colcon_core.environment:create_file_with_runtime_dependencies(/home/youngju/automaticDrive/install/hello_node/share/colcon-core/packages/hello_node)
[8.975s] DEBUG:colcon.colcon_parallel_executor.executor.parallel:closing loop
[8.976s] DEBUG:colcon.colcon_parallel_executor.executor.parallel:loop closed
[8.976s] DEBUG:colcon.colcon_parallel_executor.executor.parallel:run_until_complete finished with '0'
[8.976s] DEBUG:colcon.colcon_core.event_reactor:joining thread
[9.012s] INFO:colcon.colcon_core.plugin_system:Skipping extension 'colcon_notification.desktop_notification.notify_send': Could not find 'notify-send'
[9.012s] INFO:colcon.colcon_core.plugin_system:Skipping extension 'colcon_notification.desktop_notification.terminal_notifier': Not used on non-Darwin systems
[9.013s] INFO:colcon.colcon_core.plugin_system:Skipping extension 'colcon_notification.desktop_notification.win32': Not used on non-Windows systems
[9.013s] INFO:colcon.colcon_notification.desktop_notification:Sending desktop notification using 'notify2'
[9.013s] DEBUG:colcon.colcon_notification.desktop_notification.notify2:Failed to initialize notify2: org.freedesktop.DBus.Error.FileNotFound: Failed to connect to socket /run/user/1000/bus: No such file or directory
[9.013s] DEBUG:colcon.colcon_core.event_reactor:joined thread
[9.013s] INFO:colcon.colcon_core.shell:Creating prefix script '/home/youngju/automaticDrive/install/local_setup.ps1'
[9.014s] INFO:colcon.colcon_core.shell:Creating prefix util module '/home/youngju/automaticDrive/install/_local_setup_util_ps1.py'
[9.014s] INFO:colcon.colcon_core.shell:Creating prefix chain script '/home/youngju/automaticDrive/install/setup.ps1'
[9.015s] INFO:colcon.colcon_core.shell:Creating prefix script '/home/youngju/automaticDrive/install/local_setup.sh'
[9.015s] INFO:colcon.colcon_core.shell:Creating prefix util module '/home/youngju/automaticDrive/install/_local_setup_util_sh.py'
[9.016s] INFO:colcon.colcon_core.shell:Creating prefix chain script '/home/youngju/automaticDrive/install/setup.sh'
[9.016s] INFO:colcon.colcon_core.shell:Creating prefix script '/home/youngju/automaticDrive/install/local_setup.bash'
[9.017s] INFO:colcon.colcon_core.shell:Creating prefix chain script '/home/youngju/automaticDrive/install/setup.bash'
[9.017s] INFO:colcon.colcon_core.shell:Creating prefix script '/home/youngju/automaticDrive/install/local_setup.zsh'
[9.017s] INFO:colcon.colcon_core.shell:Creating prefix chain script '/home/youngju/automaticDrive/install/setup.zsh'
