-- Found ament_cmake: 1.3.12 (/opt/ros/humble/share/ament_cmake/cmake)
-- Found rclcpp: 16.0.14 (/opt/ros/humble/share/rclcpp/cmake)
-- Found rosidl_generator_c: 3.1.7 (/opt/ros/humble/share/rosidl_generator_c/cmake)
-- Found rosidl_adapter: 3.1.7 (/opt/ros/humble/share/rosidl_adapter/cmake)
-- Found rosidl_generator_cpp: 3.1.7 (/opt/ros/humble/share/rosidl_generator_cpp/cmake)
-- Using all available rosidl_typesupport_c: rosidl_typesupport_fastrtps_c;rosidl_typesupport_introspection_c
-- Using all available rosidl_typesupport_cpp: rosidl_typesupport_fastrtps_cpp;rosidl_typesupport_introspection_cpp
-- Found rmw_implementation_cmake: 6.1.2 (/opt/ros/humble/share/rmw_implementation_cmake/cmake)
-- Found rmw_fastrtps_cpp: 6.2.8 (/opt/ros/humble/share/rmw_fastrtps_cpp/cmake)
-- Using RMW implementation 'rmw_fastrtps_cpp' as default
-- Found OpenCV: /usr (found version "4.5.4") 
-- Configuring done
-- Generating done
-- Build files have been written to: /home/youngju/automaticDrive/build/drive
[35m[1mConsolidate compiler generated dependencies of target speed_steer_publisher[0m
[35m[1mConsolidate compiler generated dependencies of target uart_node[0m
[ 16%] [32mBuilding CXX object CMakeFiles/drive_node.dir/src/drive.cpp.o[0m
[ 50%] [32mBuilding CXX object CMakeFiles/speed_steer_publisher.dir/src/speed_steer_publisher.cpp.o[0m
[ 50%] [32mBuilding CXX object CMakeFiles/uart_node.dir/src/uart_node.cpp.o[0m
[ 66%] [32m[1mLinking CXX executable drive_node[0m
[ 83%] [32m[1mLinking CXX executable speed_steer_publisher[0m
[ 83%] Built target speed_steer_publisher
[100%] [32m[1mLinking CXX executable uart_node[0m
[100%] Built target uart_node
